c:\users\zalav\source\repos\zalavariandris\glazy\demos\splitexr\debug\vc143.pdb
c:\users\zalav\source\repos\zalavariandris\glazy\demos\splitexr\debug\vc143.idb
c:\users\zalav\source\repos\zalavariandris\glazy\demos\splitexr\debug\splitexr.obj
c:\users\zalav\source\repos\zalavariandris\glazy\demos\splitexr\x64\debug\splitexr.exe
c:\users\zalav\source\repos\zalavariandris\glazy\demos\splitexr\debug\splitexr.ilk
c:\users\zalav\source\repos\zalavariandris\glazy\demos\splitexr\x64\debug\splitexr.pdb
c:\users\zalav\source\repos\zalavariandris\glazy\demos\splitexr\x64\debug\openimageio_d.dll
c:\users\zalav\source\repos\zalavariandris\glazy\demos\splitexr\x64\debug\openimageio_util_d.dll
c:\users\zalav\source\repos\zalavariandris\glazy\demos\splitexr\x64\debug\half-2_5_d.dll
c:\users\zalav\source\repos\zalavariandris\glazy\demos\splitexr\x64\debug\boost_filesystem-vc143-mt-gd-x64-1_77.dll
c:\users\zalav\source\repos\zalavariandris\glazy\demos\splitexr\x64\debug\boost_thread-vc143-mt-gd-x64-1_77.dll
c:\users\zalav\source\repos\zalavariandris\glazy\demos\splitexr\x64\debug\ilmimf-2_5_d.dll
c:\users\zalav\source\repos\zalavariandris\glazy\demos\splitexr\x64\debug\imath-2_5_d.dll
c:\users\zalav\source\repos\zalavariandris\glazy\demos\splitexr\x64\debug\iex-2_5_d.dll
c:\users\zalav\source\repos\zalavariandris\glazy\demos\splitexr\x64\debug\ilmthread-2_5_d.dll
c:\users\zalav\source\repos\zalavariandris\glazy\demos\splitexr\x64\debug\zlibd1.dll
c:\users\zalav\source\repos\zalavariandris\glazy\demos\splitexr\x64\debug\squishd.dll
c:\users\zalav\source\repos\zalavariandris\glazy\demos\splitexr\x64\debug\heif.dll
c:\users\zalav\source\repos\zalavariandris\glazy\demos\splitexr\x64\debug\libde265.dll
c:\users\zalav\source\repos\zalavariandris\glazy\demos\splitexr\x64\debug\libx265.dll
c:\users\zalav\source\repos\zalavariandris\glazy\demos\splitexr\x64\debug\jpeg62.dll
c:\users\zalav\source\repos\zalavariandris\glazy\demos\splitexr\x64\debug\libpng16d.dll
c:\users\zalav\source\repos\zalavariandris\glazy\demos\splitexr\x64\debug\tiffd.dll
c:\users\zalav\source\repos\zalavariandris\glazy\demos\splitexr\x64\debug\lzmad.dll
c:\users\zalav\source\repos\zalavariandris\glazy\demos\splitexr\\debug\splitexr.vcxproj.filelistabsolute.txt
c:\users\zalav\source\repos\zalavariandris\glazy\demos\splitexr\debug\splitexr.tlog\cl.command.1.tlog
c:\users\zalav\source\repos\zalavariandris\glazy\demos\splitexr\debug\splitexr.tlog\cl.read.1.tlog
c:\users\zalav\source\repos\zalavariandris\glazy\demos\splitexr\debug\splitexr.tlog\cl.write.1.tlog
c:\users\zalav\source\repos\zalavariandris\glazy\demos\splitexr\debug\splitexr.tlog\link.command.1.tlog
c:\users\zalav\source\repos\zalavariandris\glazy\demos\splitexr\debug\splitexr.tlog\link.read.1.tlog
c:\users\zalav\source\repos\zalavariandris\glazy\demos\splitexr\debug\splitexr.tlog\link.write.1.tlog
c:\users\zalav\source\repos\zalavariandris\glazy\demos\splitexr\debug\splitexr.tlog\splitexr.write.1u.tlog
